Aha 0 170.0
Aha 1 161.0
Aha 2 125.0
Aha 3 75.0
Aha 4 52.0
Aha 5 20.0
Aha 6 152.0
Aha 7 10.0
Aha 8 235.0
Aha 9 308.0
Aha 10 18.0
Aha 11 227.0
Aha 12 41.0
Aha 13 14.0
Aha 14 39.0
Aha 15 171.0
Aha 16 118.0
Aha 17 43.0
Aha 18 39.0
Aha 19 18.0
Aha 20 145.0
Aha 21 97.0
Aha 22 60.0
Aha 23 73.0
Aha 24 14.0
Aha 25 44.0
Aha 26 184.0
Aha 27 73.0
Aha 28 63.0
Aha 29 40.0
Aha 30 72.0
Aha 31 18.0
Aha 32 134.0
Aha 33 170.0
Aha 34 101.0
Aha 35 86.0
Aha 36 42.0
Aha 37 32.0
Aha 38 65.0
Aha 39 22.0
Aha 40 79.0
Aha 41 42.0
Aha 42 40.0
Aha 43 49.0
Aha 44 33.0
Aha 45 16.0
Aha 46 24.0
Aha 47 50.0
Aha 48 26.0
Aha 49 28.0
Aha 50 27.0
Aha 51 60.0
Aha 52 55.0
Aha 53 44.0
Aha 54 43.0
Aha 55 26.0
Aha 56 43.0
Aha 57 37.0
Aha 58 29.0
Aha 59 408.0
Aha 60 17.0
Aha 61 364.0
Aha 62 178.0
Aha 63 238.0
Aha 64 15.0
Aha 65 132.0
Aha 66 16.0
Aha 67 132.0
Aha 68 42.0
Aha 69 52.0
Aha 70 126.0
Aha 71 78.0
Aha 72 74.0
Aha 73 66.0
Aha 74 31.0
Aha 75 35.0
Aha 76 90.0
Aha 77 57.0
Aha 78 50.0
Aha 79 58.0
Aha 80 33.0
Aha 81 140.0
Aha 82 39.0
Aha 83 34.0
Aha 84 45.0
Aha 85 15.0
Aha 86 24.0
Aha 87 44.0
Aha 88 51.0
Aha 89 12.0
Aha 90 19.0
Aha 91 14.0
Aha 92 49.0
Aha 93 24.0
Aha 94 20.0
Aha 95 13.0
Aha 96 81.0
Aha 97 434.0
Aha 98 77.0
Aha 99 36.0
Aha 100 38.0
Aha 101 13.0
Aha 102 43.0
Aha 103 12.0
Aha 104 24.0
Aha 105 23.0
Aha 106 387.0
Aha 107 390.0
Aha 108 40.0
Aha 109 220.0
Aha 110 246.0
Aha 111 18.0
Aha 112 121.0
Aha 113 163.0
Aha 114 33.0
Aha 115 83.0
Aha 116 39.0
Aha 117 56.0
Aha 118 253.0
Aha 119 119.0
Aha 120 127.0
Aha 121 22.0
Aha 122 25.0
Aha 123 141.0
Aha 124 19.0
Aha 125 100.0
Aha 126 106.0
Aha 127 130.0
Aha 128 37.0
Aha 129 27.0
Aha 130 48.0
Aha 131 13.0
Aha 132 82.0
Aha 133 24.0
Aha 134 62.0
Aha 135 131.0
Aha 136 12.0
Aha 137 31.0
Aha 138 19.0
Aha 139 24.0
Aha 140 13.0
Aha 141 160.0
Aha 142 27.0
Aha 143 33.0
Aha 144 26.0
Aha 145 38.0
Aha 146 65.0
Aha 147 32.0
Aha 148 52.0
Aha 149 189.0
Aha 150 95.0
Aha 151 362.0
Aha 152 334.0
Aha 153 141.0
Aha 154 538.0
Aha 155 77.0
Aha 156 313.0
